#
# There is insufficient memory for the Java Runtime Environment to continue.
# Native memory allocation (malloc) failed to allocate 1048576 bytes for AllocateHeap
# Possible reasons:
#   The system is out of physical RAM or swap space
#   The process is running with CompressedOops enabled, and the Java Heap may be blocking the growth of the native heap
# Possible solutions:
#   Reduce memory load on the system
#   Increase physical memory or swap space
#   Check if swap backing store is full
#   Decrease Java heap size (-Xmx/-Xms)
#   Decrease number of Java threads
#   Decrease Java thread stack sizes (-Xss)
#   Set larger code cache with -XX:ReservedCodeCacheSize=
#   JVM is running with Zero Based Compressed Oops mode in which the Java heap is
#     placed in the first 32GB address space. The Java Heap base address is the
#     maximum limit for the native heap growth. Please use -XX:HeapBaseMinAddress
#     to set the Java Heap base and to place the Java Heap above 32GB virtual address.
# This output file may be truncated or incomplete.
#
#  Out of Memory Error (memory/allocation.inline.hpp:61), pid=3304, tid=0x0000000000001e98
#
# JRE version:  (8.0_345-b01) (build )
# Java VM: OpenJDK 64-Bit Server VM (25.345-b01 mixed mode windows-amd64 compressed oops)
# Failed to write core dump. Minidumps are not enabled by default on client versions of Windows
#

---------------  T H R E A D  ---------------

Current thread (0x000001bd11619000):  JavaThread "Unknown thread" [_thread_in_vm, id=7832, stack(0x000000864a400000,0x000000864a500000)]

Stack: [0x000000864a400000,0x000000864a500000]
[error occurred during error reporting (printing stack bounds), id 0xc0000005]

Native frames: (J=compiled Java code, j=interpreted, Vv=VM code, C=native code)


---------------  P R O C E S S  ---------------

Java Threads: ( => current thread )

Other Threads:

=>0x000001bd11619000 (exited) JavaThread "Unknown thread" [_thread_in_vm, id=7832, stack(0x000000864a400000,0x000000864a500000)]

VM state:not at safepoint (normal execution)

VM Mutex/Monitor currently owned by a thread: None

heap address: 0x0000000701600000, size: 3050 MB, Compressed Oops mode: Zero based, Oop shift amount: 3
Narrow klass base: 0x0000000000000000, Narrow klass shift: 3
Compressed class space size: 1073741824 Address: 0x00000007c0000000

Heap:
 PSYoungGen      total 57344K, used 983K [0x0000000780780000, 0x0000000784780000, 0x00000007c0000000)
  eden space 49152K, 2% used [0x0000000780780000,0x0000000780875c38,0x0000000783780000)
  from space 8192K, 0% used [0x0000000783f80000,0x0000000783f80000,0x0000000784780000)
  to   space 8192K, 0% used [0x0000000783780000,0x0000000783780000,0x0000000783f80000)
 ParOldGen       total 131072K, used 0K [0x0000000701600000, 0x0000000709600000, 0x0000000780780000)
  object space 131072K, 0% used [0x0000000701600000,0x0000000701600000,0x0000000709600000)
 Metaspace       used 803K, capacity 4480K, committed 4480K, reserved 1056768K
  class space    used 77K, capacity 384K, committed 384K, reserved 1048576K

Card table byte_map: [0x000001bd22390000,0x000001bd22990000] byte_map_base: 0x000001bd1eb85000

Marking Bits: (ParMarkBitMap*) 0x00000000764a65c0
 Begin Bits: [0x000001bd22d90000, 0x000001bd25d38000)
 End Bits:   [0x000001bd25d38000, 0x000001bd28ce0000)

Polling page: 0x000001bd12fa0000

CodeCache: size=245760Kb used=328Kb max_used=328Kb free=245431Kb
 bounds [0x000001bd12fd0000, 0x000001bd13240000, 0x000001bd21fd0000]
 total_blobs=58 nmethods=0 adapters=38
 compilation: enabled

Compilation events (0 events):
No events

GC Heap History (0 events):
No events

Deoptimization events (0 events):
No events

Classes redefined (0 events):
No events

Internal exceptions (0 events):
No events

Events (10 events):
Event: 0.048 loading class java/lang/Short
Event: 0.048 loading class java/lang/Short done
Event: 0.048 loading class java/lang/Integer
Event: 0.048 loading class java/lang/Integer done
Event: 0.048 loading class java/lang/Long
Event: 0.049 loading class java/lang/Long done
Event: 0.049 loading class java/lang/NullPointerException
Event: 0.049 loading class java/lang/NullPointerException done
Event: 0.049 loading class java/lang/ArithmeticException
Event: 0.050 loading class java/lang/ArithmeticException done


Dynamic libraries:
0x00007ff782940000 - 0x00007ff782991000 	C:\Program Files\Zulu\zulu-8\bin\javaw.exe
0x00007ffcb4b60000 - 0x00007ffcb4d69000 	C:\Windows\SYSTEM32\ntdll.dll
0x00007ffcb4740000 - 0x00007ffcb47fd000 	C:\Windows\System32\KERNEL32.DLL
0x00007ffcb22e0000 - 0x00007ffcb265d000 	C:\Windows\System32\KERNELBASE.dll
0x00007ffcb2f90000 - 0x00007ffcb303e000 	C:\Windows\System32\ADVAPI32.dll
0x00007ffcb4920000 - 0x00007ffcb49c3000 	C:\Windows\System32\msvcrt.dll
0x00007ffcb4450000 - 0x00007ffcb44ee000 	C:\Windows\System32\sechost.dll
0x00007ffcb49d0000 - 0x00007ffcb4af0000 	C:\Windows\System32\RPCRT4.dll
0x00007ffcb29e0000 - 0x00007ffcb2b8d000 	C:\Windows\System32\USER32.dll
0x00007ffcb20f0000 - 0x00007ffcb2116000 	C:\Windows\System32\win32u.dll
0x00007ffcb4af0000 - 0x00007ffcb4b19000 	C:\Windows\System32\GDI32.dll
0x00007ffcb21c0000 - 0x00007ffcb22d9000 	C:\Windows\System32\gdi32full.dll
0x00007ffcb2120000 - 0x00007ffcb21bd000 	C:\Windows\System32\msvcp_win.dll
0x00007ffcb28c0000 - 0x00007ffcb29d1000 	C:\Windows\System32\ucrtbase.dll
0x00007ffc9c800000 - 0x00007ffc9caa5000 	C:\Windows\WinSxS\amd64_microsoft.windows.common-controls_6595b64144ccf1df_6.0.22000.120_none_9d947278b86cc467\COMCTL32.dll
0x00007ffcb45d0000 - 0x00007ffcb4601000 	C:\Windows\System32\IMM32.DLL
0x00007ffcae630000 - 0x00007ffcae645000 	C:\Program Files\Zulu\zulu-8\jre\bin\vcruntime140.dll
0x00007ffc957c0000 - 0x00007ffc9585b000 	C:\Program Files\Zulu\zulu-8\jre\bin\msvcp140.dll
0x0000000075cb0000 - 0x0000000076521000 	C:\Program Files\Zulu\zulu-8\jre\bin\server\jvm.dll
0x00007ffcb3640000 - 0x00007ffcb3648000 	C:\Windows\System32\PSAPI.DLL
0x00007ffcae680000 - 0x00007ffcae689000 	C:\Windows\SYSTEM32\WSOCK32.dll
0x00007ffca7e80000 - 0x00007ffca7eb3000 	C:\Windows\SYSTEM32\WINMM.dll
0x00007ffcab330000 - 0x00007ffcab33a000 	C:\Windows\SYSTEM32\VERSION.dll
0x00007ffcb46d0000 - 0x00007ffcb473f000 	C:\Windows\System32\WS2_32.dll
0x00007ffcb1120000 - 0x00007ffcb1138000 	C:\Windows\SYSTEM32\kernel.appcore.dll
0x00007ffcae5d0000 - 0x00007ffcae5e0000 	C:\Program Files\Zulu\zulu-8\jre\bin\verify.dll
0x00007ffca6c10000 - 0x00007ffca6c3b000 	C:\Program Files\Zulu\zulu-8\jre\bin\java.dll
0x00007ffcac2f0000 - 0x00007ffcac308000 	C:\Program Files\Zulu\zulu-8\jre\bin\zip.dll

VM Arguments:
java_command: <unknown>
java_class_path (initial): .
Launcher Type: SUN_STANDARD

Environment Variables:
JAVA_HOME=C:\Program Files\Zulu\zulu-8
PATH=C:\Users\LucasB25-FIX\Documents\GitHub\HuntingZ_Launcher\node_modules\.bin;C:\Users\LucasB25-FIX\Documents\GitHub\node_modules\.bin;C:\Users\LucasB25-FIX\Documents\node_modules\.bin;C:\Users\LucasB25-FIX\node_modules\.bin;C:\Users\node_modules\.bin;C:\node_modules\.bin;E:\node\node_modules\npm\node_modules\@npmcli\run-script\lib\node-gyp-bin;C:\Program Files\Zulu\zulu-8\bin\;C:\Program Files (x86)\Common Files\Oracle\Java\javapath;C:\Program Files\Zulu\zulu-8\bin;C:\Windows\system32;C:\Windows;C:\Windows\System32\Wbem;C:\Windows\System32\WindowsPowerShell\v1.0\;C:\Windows\System32\OpenSSH\;E:\node\;C:\Program Files (x86)\NVIDIA Corporation\PhysX\Common;E:\Bitvise SSH;C:\Program Files\Git\cmd;C:\Program Files (x86)\dotnet\;E:\Cli\;C:\Program Files\NVIDIA Corporation\NVIDIA NvDLISR;C:\Users\LucasB25-FIX\scoop\shims;C:\Users\LucasB25-FIX\AppData\Local\Microsoft\WindowsApps;C:\Users\LucasB25-FIX\AppData\Roaming\npm;E:\Microsoft VS Code\bin;C:\Users\LucasB25-FIX\AppData\Local\GitHubDesktop\bin
USERNAME=LucasB25-FIX
OS=Windows_NT
PROCESSOR_IDENTIFIER=Intel64 Family 6 Model 60 Stepping 3, GenuineIntel



---------------  S Y S T E M  ---------------

OS: Windows 10.0 , 64 bit Build 22000 (10.0.22000.708)
HyperV virtualization detected

CPU:total 4 (initial active 4) (4 cores per cpu, 1 threads per core) family 6 model 60 stepping 3, cmov, cx8, fxsr, mmx, sse, sse2, sse3, ssse3, sse4.1, sse4.2, popcnt, avx, avx2, aes, clmul, erms, lzcnt, tsc, tscinvbit, bmi1, bmi2

Memory: 4k page, physical 12485420k(2679160k free), swap 14582572k(4232k free)

vm_info: OpenJDK 64-Bit Server VM (25.345-b01) for windows-amd64 JRE (Zulu 8.64.0.19-CA-win64) (1.8.0_345-b01), built on Aug  2 2022 09:03:17 by "tester" with MS VC++ 15.9 (VS2017)

time: Tue Oct 11 14:38:07 2022
timezone: Paris, Madrid (heure d 60 Stepping 3, GenuineIntel
elapsed time: 0.055129 seconds (0d 0h 0m 0s)

